Trying to load common config
Trying to load client config
Config files are up to date, skipping data/asset generation
Loaded entity minecraft:zombie as entity.minecraft.zombie with weight 35, min day 0 and max day 20
Loaded entity minecraft:zombie_villager as entity.minecraft.zombie_villager with weight 1, min day 0 and max day 20
Loaded entity minecraft:zombie_horse as entity.minecraft.zombie_horse with weight 3, min day 20 and max day 40
Loaded entity minecraft:husk as entity.minecraft.husk with weight 40, min day 20 and max day 40
Loaded entity minecraft:drowned as entity.minecraft.drowned with weight 3, min day 30 and max day 40
Loaded entity minecraft:zoglin as entity.minecraft.zoglin with weight 3, min day 40 and max day 40
Loaded entity minecraft:zombified_piglin as entity.minecraft.zombified_piglin with weight 10, min day 40 and max day 0
Loaded entity minecraft:husk as entity.minecraft.husk with weight 25, min day 50 and max day 0
Loaded entity minecraft:zoglin as entity.minecraft.zoglin with weight 3, min day 50 and max day 0
Loaded entity minecraft:zombie_horse as entity.minecraft.zombie_horse with weight 3, min day 50 and max day 0
loaded horde table hordes:default
Loaded entity minecraft:drowned as entity.minecraft.drowned with weight 40, min day 0 and max day 20
Loaded entity minecraft:drowned as entity.minecraft.drowned with weight 3, min day 30 and max day 40
loaded horde table hordes:drowned
Loaded entity minecraft:zombie as entity.minecraft.zombie with weight 20, min day 0 and max day 20
Loaded entity minecraft:skeleton as entity.minecraft.skeleton with weight 10, min day 20 and max day 30
Loaded entity minecraft:spider as entity.minecraft.spider with weight 15, min day 20 and max day 30
Loaded entity minecraft:creeper as entity.minecraft.creeper with weight 5, min day 30 and max day 30
Loaded entity minecraft:husk as entity.minecraft.husk with weight 20, min day 30 and max day 50
Loaded entity minecraft:stray as entity.minecraft.stray with weight 10, min day 40 and max day 50
Loaded entity minecraft:cave_spider as entity.minecraft.cave_spider with weight 10, min day 40 and max day 50
Loaded entity minecraft:witch as entity.minecraft.witch with weight 5, min day 40 and max day 50
Loaded entity minecraft:pillager as entity.minecraft.pillager with weight 10, min day 40 and max day 50
Loaded entity minecraft:zombified_piglin as entity.minecraft.zombified_piglin with weight 10, min day 40 and max day 50
Loaded entity minecraft:zombie_horse as entity.minecraft.zombie_horse with weight 3, min day 40 and max day 50
Loaded entity minecraft:wither_skeleton as entity.minecraft.wither_skeleton with weight 10, min day 50 and max day 0
Loaded entity minecraft:phantom as entity.minecraft.phantom with weight 5, min day 50 and max day 50
Loaded entity minecraft:vindicator as entity.minecraft.vindicator with weight 10, min day 50 and max day 50
Loaded entity minecraft:zoglin as entity.minecraft.zoglin with weight 5, min day 40 and max day 40
Loaded entity minecraft:ravager as entity.minecraft.ravager with weight 5, min day 50 and max day 50
Loaded entity minecraft:evoker as entity.minecraft.evoker with weight 5, min day 50 and max day 50
Loaded entity minecraft:piglin_brute as entity.minecraft.piglin_brute with weight 10, min day 60 and max day 0
Loaded entity minecraft:cave_spider as entity.minecraft.cave_spider with weight 15, min day 60 and max day 0
Loaded entity minecraft:zombie_horse as entity.minecraft.zombie_horse with weight 5, min day 60 and max day 0
Loaded entity minecraft:ravager as entity.minecraft.ravager with weight 3, min day 60 and max day 0
Loaded entity minecraft:phantom as entity.minecraft.phantom with weight 3, min day 60 and max day 0
loaded horde table hordes:mixed_mobs
Loaded entity minecraft:pillager as entity.minecraft.pillager with weight 15, min day 0 and max day 0
Loaded entity minecraft:vindicator as entity.minecraft.vindicator with weight 10, min day 0 and max day 0
Loaded entity minecraft:witch as entity.minecraft.witch with weight 5, min day 20 and max day 0
Loaded entity minecraft:ravager as entity.minecraft.ravager with weight 5, min day 30 and max day 40
Loaded entity minecraft:evoker as entity.minecraft.evoker with weight 3, min day 40 and max day 40
Loaded entity minecraft:illusioner as entity.minecraft.illusioner with weight 5, min day 50 and max day 0
Loaded entity minecraft:ravager as entity.minecraft.ravager with weight 3, min day 50 and max day 0
Loaded entity minecraft:ravager as entity.minecraft.ravager with weight 5, min day 50 and max day 0
loaded horde table hordes:illagers
Loaded entity minecraft:skeleton as entity.minecraft.skeleton with weight 10, min day 0 and max day 20
Loaded entity minecraft:skeleton as entity.minecraft.skeleton with weight 20, min day 0 and max day 30
Loaded entity minecraft:skeleton_horse as entity.minecraft.skeleton_horse with weight 5, min day 20 and max day 50
Loaded entity minecraft:stray as entity.minecraft.stray with weight 10, min day 20 and max day 0
Loaded entity minecraft:wither_skeleton as entity.minecraft.wither_skeleton with weight 10, min day 40 and max day 0
Loaded entity minecraft:skeleton_horse as entity.minecraft.skeleton_horse with weight 5, min day 40 and max day 0
loaded horde table hordes:skeletons
Loaded entity minecraft:zombie as entity.minecraft.zombie with weight 30, min day 0 and max day 0
loaded horde table hordes:fallback
loaded horde script hordes:default
[net.smileycorp.hordes.hordeevent.capability.HordeEvent@449b82f0]Trying to start horde event on day 27 with nextDay 27 and time 15000
Applying script hordes:default for event net.smileycorp.hordes.common.event.HordeBuildSpawnDataEvent@55695aea
Adding entry HordeSpawnEntry[type=entity.minecraft.zombie,weight=35,minDay=0,maxDay=20] to hordespawn on day 12
Adding entry HordeSpawnEntry[type=entity.minecraft.zombie_villager,weight=1,minDay=0,maxDay=20] to hordespawn on day 12
[net.smileycorp.hordes.hordeevent.capability.HordeEvent@11a91c81]Trying to start horde event on day 24 with nextDay 24 and time 15000
Applying script hordes:default for event net.smileycorp.hordes.common.event.HordeBuildSpawnDataEvent@327afb17
Adding entry HordeSpawnEntry[type=entity.minecraft.zombie,weight=35,minDay=0,maxDay=20] to hordespawn on day 12
Adding entry HordeSpawnEntry[type=entity.minecraft.zombie_villager,weight=1,minDay=0,maxDay=20] to hordespawn on day 12
[net.smileycorp.hordes.hordeevent.capability.HordeEvent@348bfc63]Trying to start horde event on day 22 with nextDay 21 and time 15000
Applying script hordes:default for event net.smileycorp.hordes.common.event.HordeBuildSpawnDataEvent@39ea0f5d
Adding entry HordeSpawnEntry[type=entity.minecraft.zombie,weight=35,minDay=0,maxDay=20] to hordespawn on day 9
Adding entry HordeSpawnEntry[type=entity.minecraft.zombie_villager,weight=1,minDay=0,maxDay=20] to hordespawn on day 9
Adding entry HordeSpawnEntry[type=entity.minecraft.zombie_horse,weight=3,minDay=20,maxDay=40] to hordespawn on day 27
Adding entry HordeSpawnEntry[type=entity.minecraft.husk,weight=40,minDay=20,maxDay=40] to hordespawn on day 27
Adding entry HordeSpawnEntry[type=entity.minecraft.zombie_horse,weight=3,minDay=20,maxDay=40] to hordespawn on day 24
Adding entry HordeSpawnEntry[type=entity.minecraft.husk,weight=40,minDay=20,maxDay=40] to hordespawn on day 24
Adding entry HordeSpawnEntry[type=entity.minecraft.zombie_horse,weight=3,minDay=20,maxDay=40] to hordespawn on day 21
Adding entry HordeSpawnEntry[type=entity.minecraft.husk,weight=40,minDay=20,maxDay=40] to hordespawn on day 21
